[29/04/2022 16:33:08 - INFO] Discord Presence activated
[29/04/2022 16:33:08 - INFO] Creating discord-rpc client
[29/04/2022 16:33:09 - INFO] Successfully connected to Discord
[29/04/2022 16:33:09 - DEBUG] Loading git extension
[29/04/2022 16:33:09 - TRACE] Git extension not activated, activating...
[29/04/2022 16:33:09 - DEBUG] Loading git extension
[29/04/2022 16:33:09 - TRACE] Git extension not activated, activating...
[29/04/2022 16:33:09 - TRACE] VSCode language id: properties
[29/04/2022 16:35:31 - TRACE] VSCode language id: properties
[29/04/2022 16:35:33 - TRACE] VSCode language id: properties
[29/04/2022 16:35:35 - TRACE] VSCode language id: properties
[29/04/2022 16:39:16 - TRACE] VSCode language id: properties
[29/04/2022 16:39:18 - TRACE] VSCode language id: properties
[29/04/2022 16:39:20 - TRACE] VSCode language id: properties
[29/04/2022 16:46:25 - TRACE] VSCode language id: properties
[29/04/2022 16:46:27 - TRACE] VSCode language id: properties
[29/04/2022 16:46:29 - TRACE] VSCode language id: properties
[29/04/2022 16:46:31 - TRACE] VSCode language id: properties
[29/04/2022 16:46:38 - TRACE] VSCode language id: properties
[29/04/2022 16:46:40 - TRACE] VSCode language id: properties
[29/04/2022 16:46:42 - TRACE] VSCode language id: properties
[29/04/2022 16:46:43 - TRACE] VSCode language id: properties
[29/04/2022 16:46:45 - TRACE] VSCode language id: properties
[29/04/2022 16:49:16 - TRACE] VSCode language id: properties
[29/04/2022 16:49:18 - TRACE] VSCode language id: properties
