00:00:00.000496 main     VirtualBox XPCOM Server 6.1.34 r150636 linux.amd64 (Apr 21 2022 20:04:42) release log
00:00:00.000500 main     Log opened 2022-05-01T00:44:09.702239000Z
00:00:00.000504 main     Build Type: release
00:00:00.000511 main     OS Product: Linux
00:00:00.000515 main     OS Release: 5.17.5-arch1-1
00:00:00.000535 main     OS Version: #1 SMP PREEMPT Wed, 27 Apr 2022 20:56:11 +0000
00:00:00.000569 main     DMI Product Name: Inspiron 3585
00:00:00.000581 main     DMI Product Version: 1.4.0
00:00:00.000608 main     Firmware type: UEFI
00:00:00.001052 main     Secure Boot: Disabled
00:00:00.001159 main     Host RAM: 13941MB (13.6GB) total, 13495MB (13.1GB) available
00:00:00.001167 main     Executable: /usr/lib/virtualbox/VBoxSVC
00:00:00.001168 main     Process ID: 3606
00:00:00.001172 main     Package type: LINUX_64BITS_GENERIC (OSE)
00:00:00.002918 main     IPC socket path: /tmp/.vbox-tebolita-ipc/ipcd
00:00:00.109282 nspr-2   VirtualBox: object creation starts
00:00:00.109404 nspr-2   Home directory: '/home/tebolita/.config/VirtualBox'
00:00:00.109583 nspr-2   Loading settings file "/home/tebolita/.config/VirtualBox/VirtualBox.xml" with version "1.12-linux"
00:00:00.122144 nspr-2   NetIfAdpCtlOut: VBoxNetAdpCtl: Error while retrieving link speed for wlp2s0: VBoxNetAdpCtl: ioctl failed: Operation not supported
00:00:00.123195 nspr-2   HostDnsMonitor: initializing
00:00:00.123437 nspr-2   NAT: resolv.conf: nameserver 10.240.80.238
00:00:00.123448 nspr-2   NAT: resolv.conf: nameserver 10.240.80.250
00:00:00.123463 nspr-2   HostDnsMonitor: updating information
00:00:00.123481 nspr-2   HostDnsMonitor: old information
00:00:00.123489 nspr-2     no server entries
00:00:00.123496 nspr-2     no domain set
00:00:00.123505 nspr-2     no search string entries
00:00:00.123513 nspr-2   HostDnsMonitor: new information
00:00:00.123523 nspr-2     server 1: 10.240.80.238
00:00:00.123530 nspr-2     server 2: 10.240.80.250
00:00:00.123540 nspr-2     no domain set
00:00:00.123547 nspr-2     no search string entries
00:00:00.126229 nspr-2   Failed to open "/dev/vboxdrvu", errno=2, rc=VERR_VM_DRIVER_NOT_INSTALLED
00:00:00.126458 nspr-2   VD: VDInit finished with VINF_SUCCESS
00:00:00.126547 nspr-2   ERROR [COM]: aRC=NS_ERROR_FAILURE (0x80004005) aIID={027bc463-929c-40e8-bf16-fea557cd8e7e} aComponent={SystemPropertiesWrap} aText={Cannot determine default Guest Additions ISO location. Most likely they are not available}, preserve=false aResultDetail=0
00:00:00.127096 nspr-2   VirtualBox: object created
00:00:02.759155 nspr-2   Failed to open "/dev/vboxdrvu", errno=2, rc=VERR_VM_DRIVER_NOT_INSTALLED
00:00:02.760621 nspr-2   Failed to open "/dev/vboxdrvu", errno=2, rc=VERR_VM_DRIVER_NOT_INSTALLED
00:00:43.307929 nspr-2   ERROR [COM]: aRC=NS_ERROR_FAILURE (0x80004005) aIID={ad47ad09-787b-44ab-b343-a082a3f2dfb1} aComponent={MediumWrap} aText={The medium '/home/tebolita/Downloads/mu_win_10_aio_14in2_20H2.19042.630_nov/mu_win_10_aio_7in1_20H2.19042.630_nov_x64.iso' can't be used as the requested device type (HDD, detected DVD)}, preserve=false aResultDetail=0
00:01:06.423289 createBase Saving settings file "/home/tebolita/.config/VirtualBox/VirtualBox.xml" with version "1.12-linux"
00:01:07.026590 nspr-2   Saving settings file "/home/tebolita/VirtualBox VMs/windows10/windows10.vbox" with version "1.15-linux"
00:01:07.104917 nspr-4   WARNING [COM]: aRC=NS_ERROR_FAILURE (0x80004005) aIID={16ced992-5fdc-4aba-aff5-6a39bbd7c38b} aComponent={HostWrap} aText={VirtualBox is not currently allowed to access USB devices.  You can change this by adding your user to the 'vboxusers' group.  Please see the user manual for a more detailed explanation}, preserve=true  aResultDetail=0
00:01:07.106693 nspr-2   Saving settings file "/home/tebolita/VirtualBox VMs/windows10/windows10.vbox" with version "1.15-linux"
00:01:07.171664 nspr-2   Saving settings file "/home/tebolita/.config/VirtualBox/VirtualBox.xml" with version "1.12-linux"
00:01:07.233562 nspr-2   Saving settings file "/home/tebolita/.config/VirtualBox/VirtualBox.xml" with version "1.12-linux"
00:01:07.287149 nspr-3   Saving settings file "/home/tebolita/VirtualBox VMs/windows10/windows10.vbox" with version "1.15-linux"
00:01:07.733238 nspr-2   WARNING [COM]: aRC=NS_ERROR_FAILURE (0x80004005) aIID={16ced992-5fdc-4aba-aff5-6a39bbd7c38b} aComponent={HostWrap} aText={VirtualBox is not currently allowed to access USB devices.  You can change this by adding your user to the 'vboxusers' group.  Please see the user manual for a more detailed explanation}, preserve=true  aResultDetail=0
00:01:07.760663 nspr-2   Failed to open "/dev/vboxdrvu", errno=2, rc=VERR_VM_DRIVER_NOT_INSTALLED
00:01:07.998784 nspr-2   WARNING [COM]: aRC=NS_ERROR_FAILURE (0x80004005) aIID={16ced992-5fdc-4aba-aff5-6a39bbd7c38b} aComponent={HostWrap} aText={VirtualBox is not currently allowed to access USB devices.  You can change this by adding your user to the 'vboxusers' group.  Please see the user manual for a more detailed explanation}, preserve=true  aResultDetail=0
00:01:08.000637 nspr-2   WARNING [COM]: aRC=NS_ERROR_FAILURE (0x80004005) aIID={16ced992-5fdc-4aba-aff5-6a39bbd7c38b} aComponent={HostWrap} aText={VirtualBox is not currently allowed to access USB devices.  You can change this by adding your user to the 'vboxusers' group.  Please see the user manual for a more detailed explanation}, preserve=true  aResultDetail=0
00:01:09.346796 nspr-3   Failed to open "/dev/vboxdrvu", errno=2, rc=VERR_VM_DRIVER_NOT_INSTALLED
00:01:09.554870 nspr-3   WARNING [COM]: aRC=NS_ERROR_FAILURE (0x80004005) aIID={16ced992-5fdc-4aba-aff5-6a39bbd7c38b} aComponent={HostWrap} aText={VirtualBox is not currently allowed to access USB devices.  You can change this by adding your user to the 'vboxusers' group.  Please see the user manual for a more detailed explanation}, preserve=true  aResultDetail=0
00:01:10.356912 nspr-2   Failed to open "/dev/vboxdrvu", errno=2, rc=VERR_VM_DRIVER_NOT_INSTALLED
00:01:10.357396 nspr-3   Failed to open "/dev/vboxdrvu", errno=2, rc=VERR_VM_DRIVER_NOT_INSTALLED
00:01:10.357770 nspr-2   Failed to open "/dev/vboxdrvu", errno=2, rc=VERR_VM_DRIVER_NOT_INSTALLED
00:01:10.389839 nspr-3   NetIfAdpCtlOut: VBoxNetAdpCtl: Error while retrieving link speed for wlp2s0: VBoxNetAdpCtl: ioctl failed: Operation not supported
00:01:10.405944 nspr-3   NetIfAdpCtlOut: VBoxNetAdpCtl: Error while retrieving link speed for wlp2s0: VBoxNetAdpCtl: ioctl failed: Operation not supported
00:01:10.430060 nspr-2   WARNING [COM]: aRC=NS_ERROR_FAILURE (0x80004005) aIID={16ced992-5fdc-4aba-aff5-6a39bbd7c38b} aComponent={HostWrap} aText={VirtualBox is not currently allowed to access USB devices.  You can change this by adding your user to the 'vboxusers' group.  Please see the user manual for a more detailed explanation}, preserve=true  aResultDetail=0
00:01:10.431081 nspr-2   WARNING [COM]: aRC=NS_ERROR_FAILURE (0x80004005) aIID={16ced992-5fdc-4aba-aff5-6a39bbd7c38b} aComponent={HostWrap} aText={VirtualBox is not currently allowed to access USB devices.  You can change this by adding your user to the 'vboxusers' group.  Please see the user manual for a more detailed explanation}, preserve=true  aResultDetail=0
00:01:10.644639 nspr-4   Failed to open "/dev/vboxdrvu", errno=2, rc=VERR_VM_DRIVER_NOT_INSTALLED
00:01:10.667209 nspr-4   WARNING [COM]: aRC=NS_ERROR_FAILURE (0x80004005) aIID={16ced992-5fdc-4aba-aff5-6a39bbd7c38b} aComponent={HostWrap} aText={VirtualBox is not currently allowed to access USB devices.  You can change this by adding your user to the 'vboxusers' group.  Please see the user manual for a more detailed explanation}, preserve=true  aResultDetail=0
00:01:10.669247 nspr-4   WARNING [COM]: aRC=NS_ERROR_FAILURE (0x80004005) aIID={16ced992-5fdc-4aba-aff5-6a39bbd7c38b} aComponent={HostWrap} aText={VirtualBox is not currently allowed to access USB devices.  You can change this by adding your user to the 'vboxusers' group.  Please see the user manual for a more detailed explanation}, preserve=true  aResultDetail=0
00:01:59.681035 nspr-3   Saving settings file "/home/tebolita/.config/VirtualBox/VirtualBox.xml" with version "1.12-linux"
00:01:59.730656 nspr-3   Saving settings file "/home/tebolita/.config/VirtualBox/VirtualBox.xml" with version "1.12-linux"
00:02:05.927221 nspr-4   ERROR [COM]: aRC=VBOX_E_OBJECT_NOT_FOUND (0x80bb0001) aIID={85632c68-b5bb-4316-a900-5eb28d3413df} aComponent={SessionMachine} aText={No storage device attached to device slot 0 on port 2 of controller 'SATA'}, preserve=false aResultDetail=0
00:02:05.929689 nspr-4   Saving settings file "/home/tebolita/.config/VirtualBox/VirtualBox.xml" with version "1.12-linux"
00:02:05.948589 nspr-2   Failed to open "/dev/vboxdrvu", errno=2, rc=VERR_VM_DRIVER_NOT_INSTALLED
00:02:05.987627 nspr-2   WARNING [COM]: aRC=NS_ERROR_FAILURE (0x80004005) aIID={16ced992-5fdc-4aba-aff5-6a39bbd7c38b} aComponent={HostWrap} aText={VirtualBox is not currently allowed to access USB devices.  You can change this by adding your user to the 'vboxusers' group.  Please see the user manual for a more detailed explanation}, preserve=true  aResultDetail=0
00:02:05.990238 nspr-2   WARNING [COM]: aRC=NS_ERROR_FAILURE (0x80004005) aIID={16ced992-5fdc-4aba-aff5-6a39bbd7c38b} aComponent={HostWrap} aText={VirtualBox is not currently allowed to access USB devices.  You can change this by adding your user to the 'vboxusers' group.  Please see the user manual for a more detailed explanation}, preserve=true  aResultDetail=0
00:02:06.060921 nspr-4   WARNING [COM]: aRC=NS_ERROR_FAILURE (0x80004005) aIID={16ced992-5fdc-4aba-aff5-6a39bbd7c38b} aComponent={HostWrap} aText={VirtualBox is not currently allowed to access USB devices.  You can change this by adding your user to the 'vboxusers' group.  Please see the user manual for a more detailed explanation}, preserve=true  aResultDetail=0
00:02:06.067336 nspr-4   Saving settings file "/home/tebolita/VirtualBox VMs/windows10/windows10.vbox" with version "1.15-linux"
00:02:06.117261 nspr-2   Saving settings file "/home/tebolita/VirtualBox VMs/windows10/windows10.vbox" with version "1.15-linux"
00:02:06.254550 nspr-2   Failed to open "/dev/vboxdrvu", errno=2, rc=VERR_VM_DRIVER_NOT_INSTALLED
00:02:06.301002 nspr-2   WARNING [COM]: aRC=NS_ERROR_FAILURE (0x80004005) aIID={16ced992-5fdc-4aba-aff5-6a39bbd7c38b} aComponent={HostWrap} aText={VirtualBox is not currently allowed to access USB devices.  You can change this by adding your user to the 'vboxusers' group.  Please see the user manual for a more detailed explanation}, preserve=true  aResultDetail=0
00:02:06.303434 nspr-2   WARNING [COM]: aRC=NS_ERROR_FAILURE (0x80004005) aIID={16ced992-5fdc-4aba-aff5-6a39bbd7c38b} aComponent={HostWrap} aText={VirtualBox is not currently allowed to access USB devices.  You can change this by adding your user to the 'vboxusers' group.  Please see the user manual for a more detailed explanation}, preserve=true  aResultDetail=0
00:02:07.737227 nspr-4   Launched VM: 2080399408 pid: 3780 (0xec4) frontend: GUI/Qt name: windows10
00:02:07.772200 nspr-2   Failed to open "/dev/vboxdrvu", errno=2, rc=VERR_VM_DRIVER_NOT_INSTALLED
00:02:07.821661 nspr-5   WARNING [COM]: aRC=NS_ERROR_FAILURE (0x80004005) aIID={16ced992-5fdc-4aba-aff5-6a39bbd7c38b} aComponent={HostWrap} aText={VirtualBox is not currently allowed to access USB devices.  You can change this by adding your user to the 'vboxusers' group.  Please see the user manual for a more detailed explanation}, preserve=true  aResultDetail=0
00:02:07.824231 nspr-5   WARNING [COM]: aRC=NS_ERROR_FAILURE (0x80004005) aIID={16ced992-5fdc-4aba-aff5-6a39bbd7c38b} aComponent={HostWrap} aText={VirtualBox is not currently allowed to access USB devices.  You can change this by adding your user to the 'vboxusers' group.  Please see the user manual for a more detailed explanation}, preserve=true  aResultDetail=0
00:02:08.237774 Watcher  ERROR [COM]: aRC=NS_ERROR_FAILURE (0x80004005) aIID={85632c68-b5bb-4316-a900-5eb28d3413df} aComponent={MachineWrap} aText={The virtual machine 'windows10' has terminated unexpectedly during startup with exit code 1 (0x1)}, preserve=false aResultDetail=0
00:02:08.805181 nspr-2   Failed to open "/dev/vboxdrvu", errno=2, rc=VERR_VM_DRIVER_NOT_INSTALLED
00:02:08.848474 nspr-2   WARNING [COM]: aRC=NS_ERROR_FAILURE (0x80004005) aIID={16ced992-5fdc-4aba-aff5-6a39bbd7c38b} aComponent={HostWrap} aText={VirtualBox is not currently allowed to access USB devices.  You can change this by adding your user to the 'vboxusers' group.  Please see the user manual for a more detailed explanation}, preserve=true  aResultDetail=0
00:02:08.850839 nspr-3   WARNING [COM]: aRC=NS_ERROR_FAILURE (0x80004005) aIID={16ced992-5fdc-4aba-aff5-6a39bbd7c38b} aComponent={HostWrap} aText={VirtualBox is not currently allowed to access USB devices.  You can change this by adding your user to the 'vboxusers' group.  Please see the user manual for a more detailed explanation}, preserve=true  aResultDetail=0
00:02:19.299938 nspr-5   Saving settings file "/home/tebolita/.config/VirtualBox/VirtualBox.xml" with version "1.12-linux"
00:02:19.420963 nspr-5   Saving settings file "/home/tebolita/.config/VirtualBox/VirtualBox.xml" with version "1.12-linux"
00:02:19.465197 nspr-4   Saving settings file "/home/tebolita/.config/VirtualBox/VirtualBox.xml" with version "1.12-linux"
00:02:25.019743 main     VirtualBox: object deletion starts
00:02:25.019838 main     ERROR [COM]: aRC=VBOX_E_OBJECT_IN_USE (0x80bb000c) aIID={ad47ad09-787b-44ab-b343-a082a3f2dfb1} aComponent={MediumWrap} aText={Medium '/home/tebolita/VirtualBox VMs/windows10/windows10.vdi' cannot be closed because it is still attached to 1 virtual machines}, preserve=false aResultDetail=0
00:02:25.020435 main     HostDnsMonitor: shutting down ...
00:02:25.033886 main     HostDnsMonitor: shut down
00:02:25.247938 Watcher  ERROR [COM]: aRC=E_ACCESSDENIED (0x80070005) aIID={d0a0163f-e254-4e5b-a1f2-011cf991c38d} aComponent={VirtualBoxWrap} aText={The object is not ready}, preserve=false aResultDetail=0
00:02:30.034361 main     {00007f2ea0014f40} HostPowerServiceLinux::~HostPowerServiceLinux: RTThreadWait() for 5000 ms failed with VERR_TIMEOUT
00:02:30.034883 main     VirtualBox: object deleted
